<?xml version="1.0" encoding="UTF-8"?>
<testsuites name="Mocha Tests" time="0.54" tests="6" failures="0">
  <testsuite name="Root Suite" timestamp="2018-03-09T15:29:35" tests="0" failures="0" time="0">
  </testsuite>
  <testsuite name="The Ninja Express App" timestamp="2018-03-09T15:29:36" tests="2" file="/Users/markshaw/Documents/RIT/dc1/ninjaApp/test/app_test.js" failures="0" time="0.034">
    <testcase name="The Ninja Express App handles a GET request to /api" time="0.024" classname="handles a GET request to /api">
    </testcase>
    <testcase name="The Ninja Express App handles a GET request to /api/osInfo" time="0.01" classname="handles a GET request to /api/osInfo">
    </testcase>
  </testsuite>
  <testsuite name="Ninjas Controller" timestamp="2018-03-09T15:29:36" tests="4" file="/Users/markshaw/Documents/RIT/dc1/ninjaApp/test/controllers/ninjas_controller_test.js" failures="0" time="0.506">
    <testcase name="Ninjas Controller handles a GET request to /api/ninjas - Return Ninjas in a location" time="0.113" classname="handles a GET request to /api/ninjas - Return Ninjas in a location">
    </testcase>
    <testcase name="Ninjas Controller handles a POST request to /api/ninjas - Creates a new Ninja" time="0.151" classname="handles a POST request to /api/ninjas - Creates a new Ninja">
    </testcase>
    <testcase name="Ninjas Controller handles a PUT request to /api/ninjas/:id - Updates an existing Ninja" time="0.145" classname="handles a PUT request to /api/ninjas/:id - Updates an existing Ninja">
    </testcase>
    <testcase name="Ninjas Controller handles a DELETE request to /api/ninjas/:id - Delete an existing Ninja" time="0.097" classname="handles a DELETE request to /api/ninjas/:id - Delete an existing Ninja">
    </testcase>
  </testsuite>
</testsuites>